0 info it worked if it ends with ok
1 verbose cli [ 'node', '/usr/local/bin/npm', 'install', 'coffee', '-', 'g' ]
2 info using npm@1.4.28
3 info using node@v0.10.32
4 warn package.json Coffee_Buzz@1.0.0 No description
5 warn package.json Coffee_Buzz@1.0.0 No repository field.
6 warn package.json Coffee_Buzz@1.0.0 No README data
7 verbose readDependencies using package.json deps
8 verbose cache add [ 'coffee', null ]
9 verbose cache add name=undefined spec="coffee" args=["coffee",null]
10 verbose parsed url { protocol: null,
10 verbose parsed url   slashes: null,
10 verbose parsed url   auth: null,
10 verbose parsed url   host: null,
10 verbose parsed url   port: null,
10 verbose parsed url   hostname: null,
10 verbose parsed url   hash: null,
10 verbose parsed url   search: null,
10 verbose parsed url   query: null,
10 verbose parsed url   pathname: 'coffee',
10 verbose parsed url   path: 'coffee',
10 verbose parsed url   href: 'coffee' }
11 verbose cache add [ '-', null ]
12 verbose cache add name=undefined spec="-" args=["-",null]
13 verbose parsed url { protocol: null,
13 verbose parsed url   slashes: null,
13 verbose parsed url   auth: null,
13 verbose parsed url   host: null,
13 verbose parsed url   port: null,
13 verbose parsed url   hostname: null,
13 verbose parsed url   hash: null,
13 verbose parsed url   search: null,
13 verbose parsed url   query: null,
13 verbose parsed url   pathname: '-',
13 verbose parsed url   path: '-',
13 verbose parsed url   href: '-' }
14 verbose cache add [ 'g', null ]
15 verbose cache add name=undefined spec="g" args=["g",null]
16 verbose parsed url { protocol: null,
16 verbose parsed url   slashes: null,
16 verbose parsed url   auth: null,
16 verbose parsed url   host: null,
16 verbose parsed url   port: null,
16 verbose parsed url   hostname: null,
16 verbose parsed url   hash: null,
16 verbose parsed url   search: null,
16 verbose parsed url   query: null,
16 verbose parsed url   pathname: 'g',
16 verbose parsed url   path: 'g',
16 verbose parsed url   href: 'g' }
17 silly lockFile 44213f9f-coffee coffee
18 verbose lock coffee /Users/timscully/.npm/44213f9f-coffee.lock
19 silly lockFile 3bc15c8a- -
20 verbose lock - /Users/timscully/.npm/3bc15c8a-.lock
21 silly lockFile 54fd1711-g g
22 verbose lock g /Users/timscully/.npm/54fd1711-g.lock
23 silly lockFile 44213f9f-coffee coffee
24 silly lockFile 44213f9f-coffee coffee
25 silly lockFile 3bc15c8a- -
26 silly lockFile 3bc15c8a- -
27 silly lockFile 54fd1711-g g
28 silly lockFile 54fd1711-g g
29 verbose addNamed [ 'coffee', '' ]
30 verbose addNamed [ null, '*' ]
31 silly lockFile 6f24caa5-coffee coffee@
32 verbose lock coffee@ /Users/timscully/.npm/6f24caa5-coffee.lock
33 verbose addNamed [ '-', '' ]
34 verbose addNamed [ null, '*' ]
35 silly lockFile c75fe0d4- -@
36 verbose lock -@ /Users/timscully/.npm/c75fe0d4-.lock
37 verbose addNamed [ 'g', '' ]
38 verbose addNamed [ null, '*' ]
39 silly lockFile 8b047e1f-g g@
40 verbose lock g@ /Users/timscully/.npm/8b047e1f-g.lock
41 silly addNameRange { name: 'coffee', range: '*', hasData: false }
42 silly addNameRange { name: '-', range: '*', hasData: false }
43 silly addNameRange { name: 'g', range: '*', hasData: false }
44 verbose request where is /coffee
45 verbose request registry https://registry.npmjs.org/
46 verbose request id cbe34bb6005778ed
47 verbose url raw /coffee
48 verbose url resolving [ 'https://registry.npmjs.org/', './coffee' ]
49 verbose url resolved https://registry.npmjs.org/coffee
50 verbose request where is https://registry.npmjs.org/coffee
51 info trying registry request attempt 1 at 11:35:43
52 verbose etag "8HK6VD3QP6ZII7BKP117IC2VA"
53 http GET https://registry.npmjs.org/coffee
54 verbose request where is /-
55 verbose request registry https://registry.npmjs.org/
56 verbose url raw /-
57 verbose url resolving [ 'https://registry.npmjs.org/', './-' ]
58 verbose url resolved https://registry.npmjs.org/-
59 verbose request where is https://registry.npmjs.org/-
60 info trying registry request attempt 1 at 11:35:43
61 http GET https://registry.npmjs.org/-
62 verbose request where is /g
63 verbose request registry https://registry.npmjs.org/
64 verbose url raw /g
65 verbose url resolving [ 'https://registry.npmjs.org/', './g' ]
66 verbose url resolved https://registry.npmjs.org/g
67 verbose request where is https://registry.npmjs.org/g
68 info trying registry request attempt 1 at 11:35:43
69 http GET https://registry.npmjs.org/g
70 http 200 https://registry.npmjs.org/g
71 silly registry.get cb [ 200,
71 silly registry.get   { date: 'Wed, 29 Oct 2014 11:35:44 GMT',
71 silly registry.get     server: 'CouchDB/1.5.0 (Erlang OTP/R16B03)',
71 silly registry.get     etag: '"BPDBDMVZO9AUC0TBHJUEJ91BM"',
71 silly registry.get     'content-type': 'application/json',
71 silly registry.get     'cache-control': 'max-age=60',
71 silly registry.get     'content-length': '3048',
71 silly registry.get     'accept-ranges': 'bytes',
71 silly registry.get     via: '1.1 varnish',
71 silly registry.get     age: '0',
71 silly registry.get     'x-served-by': 'cache-ams4132-AMS',
71 silly registry.get     'x-cache': 'MISS',
71 silly registry.get     'x-cache-hits': '0',
71 silly registry.get     'x-timer': 'S1414582544.186924,VS0,VE90',
71 silly registry.get     vary: 'Accept',
71 silly registry.get     'keep-alive': 'timeout=10, max=50',
71 silly registry.get     connection: 'Keep-Alive' } ]
72 http 404 https://registry.npmjs.org/-
73 verbose headers { date: 'Wed, 29 Oct 2014 11:35:44 GMT',
73 verbose headers   server: 'CouchDB/1.5.0 (Erlang OTP/R16B03)',
73 verbose headers   'content-type': 'application/json',
73 verbose headers   'cache-control': 'max-age=0',
73 verbose headers   'content-length': '52',
73 verbose headers   'accept-ranges': 'bytes',
73 verbose headers   via: '1.1 varnish',
73 verbose headers   age: '0',
73 verbose headers   'x-served-by': 'cache-ams4147-AMS',
73 verbose headers   'x-cache': 'MISS',
73 verbose headers   'x-cache-hits': '0',
73 verbose headers   'x-timer': 'S1414582544.186342,VS0,VE93',
73 verbose headers   'keep-alive': 'timeout=10, max=50',
73 verbose headers   connection: 'Keep-Alive' }
74 silly registry.get cb [ 404,
74 silly registry.get   { date: 'Wed, 29 Oct 2014 11:35:44 GMT',
74 silly registry.get     server: 'CouchDB/1.5.0 (Erlang OTP/R16B03)',
74 silly registry.get     'content-type': 'application/json',
74 silly registry.get     'cache-control': 'max-age=0',
74 silly registry.get     'content-length': '52',
74 silly registry.get     'accept-ranges': 'bytes',
74 silly registry.get     via: '1.1 varnish',
74 silly registry.get     age: '0',
74 silly registry.get     'x-served-by': 'cache-ams4147-AMS',
74 silly registry.get     'x-cache': 'MISS',
74 silly registry.get     'x-cache-hits': '0',
74 silly registry.get     'x-timer': 'S1414582544.186342,VS0,VE93',
74 silly registry.get     'keep-alive': 'timeout=10, max=50',
74 silly registry.get     connection: 'Keep-Alive' } ]
75 silly lockFile c75fe0d4- -@
76 silly lockFile c75fe0d4- -@
77 silly addNameRange number 2 { name: 'g', range: '*', hasData: true }
78 silly addNameRange versions [ 'g', [ '1.0.0', '1.0.1', '1.0.2' ] ]
79 verbose addNamed [ 'g', '1.0.2' ]
80 verbose addNamed [ '1.0.2', '1.0.2' ]
81 silly lockFile edaebc26-g-1-0-2 g@1.0.2
82 verbose lock g@1.0.2 /Users/timscully/.npm/edaebc26-g-1-0-2.lock
83 silly lockFile 5874d9b2-registry-npmjs-org-g-g-1-0-2-tgz https://registry.npmjs.org/g/-/g-1.0.2.tgz
84 verbose lock https://registry.npmjs.org/g/-/g-1.0.2.tgz /Users/timscully/.npm/5874d9b2-registry-npmjs-org-g-g-1-0-2-tgz.lock
85 verbose addRemoteTarball [ 'https://registry.npmjs.org/g/-/g-1.0.2.tgz',
85 verbose addRemoteTarball   '7176efe99be840518ffd05aff9625d38d7bc3225' ]
86 info retry fetch attempt 1 at 11:35:44
87 verbose fetch to= /tmp/npm-12418-ZFQCUZyv/registry.npmjs.org/g/-/g-1.0.2.tgz
88 http GET https://registry.npmjs.org/g/-/g-1.0.2.tgz
89 http 200 https://registry.npmjs.org/g/-/g-1.0.2.tgz
90 silly lockFile 5874d9b2-registry-npmjs-org-g-g-1-0-2-tgz https://registry.npmjs.org/g/-/g-1.0.2.tgz
91 silly lockFile 5874d9b2-registry-npmjs-org-g-g-1-0-2-tgz https://registry.npmjs.org/g/-/g-1.0.2.tgz
92 silly lockFile edaebc26-g-1-0-2 g@1.0.2
93 silly lockFile edaebc26-g-1-0-2 g@1.0.2
94 silly lockFile 8b047e1f-g g@
95 silly lockFile 8b047e1f-g g@
96 http 304 https://registry.npmjs.org/coffee
97 silly registry.get cb [ 304,
97 silly registry.get   { date: 'Wed, 29 Oct 2014 11:35:44 GMT',
97 silly registry.get     server: 'Apache',
97 silly registry.get     via: '1.1 varnish',
97 silly registry.get     'last-modified': 'Wed, 29 Oct 2014 11:35:44 GMT',
97 silly registry.get     'cache-control': 'max-age=60',
97 silly registry.get     etag: '"8HK6VD3QP6ZII7BKP117IC2VA"',
97 silly registry.get     age: '0',
97 silly registry.get     'x-served-by': 'cache-ams4146-AMS',
97 silly registry.get     'x-cache': 'MISS',
97 silly registry.get     'x-cache-hits': '0',
97 silly registry.get     'x-timer': 'S1414582544.188620,VS0,VE653',
97 silly registry.get     vary: 'Accept',
97 silly registry.get     'content-length': '0',
97 silly registry.get     'keep-alive': 'timeout=10, max=50',
97 silly registry.get     connection: 'Keep-Alive' } ]
98 verbose etag https://registry.npmjs.org/coffee from cache
99 silly addNameRange number 2 { name: 'coffee', range: '*', hasData: true }
100 silly addNameRange versions [ 'coffee', [ '0.0.1' ] ]
101 verbose addNamed [ 'coffee', '0.0.1' ]
102 verbose addNamed [ '0.0.1', '0.0.1' ]
103 silly lockFile b90d6b48-coffee-0-0-1 coffee@0.0.1
104 verbose lock coffee@0.0.1 /Users/timscully/.npm/b90d6b48-coffee-0-0-1.lock
105 silly lockFile b90d6b48-coffee-0-0-1 coffee@0.0.1
106 silly lockFile b90d6b48-coffee-0-0-1 coffee@0.0.1
107 silly lockFile 6f24caa5-coffee coffee@
108 silly lockFile 6f24caa5-coffee coffee@
109 error Error: not_found document not found: -
109 error     at RegClient.<anonymous> (/usr/local/lib/node_modules/npm/node_modules/npm-registry-client/lib/request.js:308:14)
109 error     at Request._callback (/usr/local/lib/node_modules/npm/node_modules/npm-registry-client/lib/request.js:246:65)
109 error     at Request.self.callback (/usr/local/lib/node_modules/npm/node_modules/request/request.js:236:22)
109 error     at Request.emit (events.js:98:17)
109 error     at Request.<anonymous> (/usr/local/lib/node_modules/npm/node_modules/request/request.js:1142:14)
109 error     at Request.emit (events.js:117:20)
109 error     at IncomingMessage.<anonymous> (/usr/local/lib/node_modules/npm/node_modules/request/request.js:1096:12)
109 error     at IncomingMessage.emit (events.js:117:20)
109 error     at _stream_readable.js:943:16
109 error     at process._tickCallback (node.js:419:13)
110 error If you need help, you may report this *entire* log,
110 error including the npm and node versions, at:
110 error     <http://github.com/npm/npm/issues>
111 error System Darwin 13.4.0
112 error command "node" "/usr/local/bin/npm" "install" "coffee" "-" "g"
113 error cwd /Users/timscully/projects_directory/Coffee_Buzz
114 error node -v v0.10.32
115 error npm -v 1.4.28
116 verbose exit [ 1, true ]
